/home/long/delta_robot_prj/demo_repo2305/install/robot_description/lib/python3.10/site-packages/robot_description/__init__.py
/home/long/delta_robot_prj/demo_repo2305/install/robot_description/lib/python3.10/site-packages/robot_description/__pycache__/__init__.cpython-310.pyc
/home/long/delta_robot_prj/demo_repo2305/install/robot_description/share/ament_index/resource_index/packages/robot_description
/home/long/delta_robot_prj/demo_repo2305/install/robot_description/share/robot_description/package.xml
/home/long/delta_robot_prj/demo_repo2305/install/robot_description/share/robot_description/launch/display_robot.launch.py
/home/long/delta_robot_prj/demo_repo2305/install/robot_description/share/robot_description/urdf/delta_robot.csv
/home/long/delta_robot_prj/demo_repo2305/install/robot_description/share/robot_description/urdf/delta_robot.urdf
/home/long/delta_robot_prj/demo_repo2305/install/robot_description/share/robot_description/meshes/base_link.STL
/home/long/delta_robot_prj/demo_repo2305/install/robot_description/share/robot_description/meshes/lower_arm_link_1.STL
/home/long/delta_robot_prj/demo_repo2305/install/robot_description/share/robot_description/meshes/upper_arm_link_2.STL
/home/long/delta_robot_prj/demo_repo2305/install/robot_description/share/robot_description/meshes/upper_arm_link_3.STL
/home/long/delta_robot_prj/demo_repo2305/install/robot_description/share/robot_description/meshes/lower_arm_link_3.STL
/home/long/delta_robot_prj/demo_repo2305/install/robot_description/share/robot_description/meshes/end_effector.STL
/home/long/delta_robot_prj/demo_repo2305/install/robot_description/share/robot_description/meshes/lower_arm_link_2.STL
/home/long/delta_robot_prj/demo_repo2305/install/robot_description/share/robot_description/meshes/upper_arm_link_1.STL
/home/long/delta_robot_prj/demo_repo2305/install/robot_description/share/robot_description/rviz/robot.rviz
/home/long/delta_robot_prj/demo_repo2305/install/robot_description/lib/python3.10/site-packages/robot_description-0.0.0-py3.10.egg-info/dependency_links.txt
/home/long/delta_robot_prj/demo_repo2305/install/robot_description/lib/python3.10/site-packages/robot_description-0.0.0-py3.10.egg-info/entry_points.txt
/home/long/delta_robot_prj/demo_repo2305/install/robot_description/lib/python3.10/site-packages/robot_description-0.0.0-py3.10.egg-info/PKG-INFO
/home/long/delta_robot_prj/demo_repo2305/install/robot_description/lib/python3.10/site-packages/robot_description-0.0.0-py3.10.egg-info/zip-safe
/home/long/delta_robot_prj/demo_repo2305/install/robot_description/lib/python3.10/site-packages/robot_description-0.0.0-py3.10.egg-info/requires.txt
/home/long/delta_robot_prj/demo_repo2305/install/robot_description/lib/python3.10/site-packages/robot_description-0.0.0-py3.10.egg-info/SOURCES.txt
/home/long/delta_robot_prj/demo_repo2305/install/robot_description/lib/python3.10/site-packages/robot_description-0.0.0-py3.10.egg-info/top_level.txt
