[0.620s] Invoking command in '/home/long/delta_robot_prj/demo_repo2305/src/robot_description': PYTHONPATH=/home/long/delta_robot_prj/demo_repo2305/build/robot_description/prefix_override:/usr/lib/python3/dist-packages/colcon_core/task/python/colcon_distutils_commands:/home/long/delta_robot_prj/demo_repo2305/install/robot_description/lib/python3.10/site-packages:${PYTHONPATH} /usr/bin/python3 -W ignore:setup.py install is deprecated -W ignore:easy_install command is deprecated setup.py egg_info --egg-base ../../build/robot_description build --build-base /home/long/delta_robot_prj/demo_repo2305/build/robot_description/build install --record /home/long/delta_robot_prj/demo_repo2305/build/robot_description/install.log --single-version-externally-managed install_data
[0.851s] running egg_info
[0.851s] writing ../../build/robot_description/robot_description.egg-info/PKG-INFO
[0.851s] writing dependency_links to ../../build/robot_description/robot_description.egg-info/dependency_links.txt
[0.851s] writing entry points to ../../build/robot_description/robot_description.egg-info/entry_points.txt
[0.851s] writing requirements to ../../build/robot_description/robot_description.egg-info/requires.txt
[0.851s] writing top-level names to ../../build/robot_description/robot_description.egg-info/top_level.txt
[0.855s] reading manifest file '../../build/robot_description/robot_description.egg-info/SOURCES.txt'
[0.856s] writing manifest file '../../build/robot_description/robot_description.egg-info/SOURCES.txt'
[0.856s] running build
[0.856s] running build_py
[0.856s] running install
[0.857s] running install_lib
[0.857s] running install_data
[0.858s] running install_egg_info
[0.859s] removing '/home/long/delta_robot_prj/demo_repo2305/install/robot_description/lib/python3.10/site-packages/robot_description-0.0.0-py3.10.egg-info' (and everything under it)
[0.859s] Copying ../../build/robot_description/robot_description.egg-info to /home/long/delta_robot_prj/demo_repo2305/install/robot_description/lib/python3.10/site-packages/robot_description-0.0.0-py3.10.egg-info
[0.860s] running install_scripts
[0.876s] writing list of installed files to '/home/long/delta_robot_prj/demo_repo2305/build/robot_description/install.log'
[0.909s] Invoked command in '/home/long/delta_robot_prj/demo_repo2305/src/robot_description' returned '0': PYTHONPATH=/home/long/delta_robot_prj/demo_repo2305/build/robot_description/prefix_override:/usr/lib/python3/dist-packages/colcon_core/task/python/colcon_distutils_commands:/home/long/delta_robot_prj/demo_repo2305/install/robot_description/lib/python3.10/site-packages:${PYTHONPATH} /usr/bin/python3 -W ignore:setup.py install is deprecated -W ignore:easy_install command is deprecated setup.py egg_info --egg-base ../../build/robot_description build --build-base /home/long/delta_robot_prj/demo_repo2305/build/robot_description/build install --record /home/long/delta_robot_prj/demo_repo2305/build/robot_description/install.log --single-version-externally-managed install_data
