[0.629s] Invoking command in '/home/long/delta_robot_prj/demo_repo2305/src/robot_description': PYTHONPATH=/home/long/delta_robot_prj/demo_repo2305/build/robot_description/prefix_override:/usr/lib/python3/dist-packages/colcon_core/task/python/colcon_distutils_commands:/home/long/delta_robot_prj/demo_repo2305/install/robot_description/lib/python3.10/site-packages:${PYTHONPATH} /usr/bin/python3 -W ignore:setup.py install is deprecated -W ignore:easy_install command is deprecated setup.py egg_info --egg-base ../../build/robot_description build --build-base /home/long/delta_robot_prj/demo_repo2305/build/robot_description/build install --record /home/long/delta_robot_prj/demo_repo2305/build/robot_description/install.log --single-version-externally-managed install_data
[0.861s] running egg_info
[0.862s] writing ../../build/robot_description/robot_description.egg-info/PKG-INFO
[0.862s] writing dependency_links to ../../build/robot_description/robot_description.egg-info/dependency_links.txt
[0.862s] writing entry points to ../../build/robot_description/robot_description.egg-info/entry_points.txt
[0.862s] writing requirements to ../../build/robot_description/robot_description.egg-info/requires.txt
[0.862s] writing top-level names to ../../build/robot_description/robot_description.egg-info/top_level.txt
[0.866s] reading manifest file '../../build/robot_description/robot_description.egg-info/SOURCES.txt'
[0.867s] writing manifest file '../../build/robot_description/robot_description.egg-info/SOURCES.txt'
[0.867s] running build
[0.867s] running build_py
[0.867s] running install
[0.867s] running install_lib
[0.868s] running install_data
[0.868s] copying launch/display_robot.launch.py -> /home/long/delta_robot_prj/demo_repo2305/install/robot_description/share/robot_description/launch
[0.868s] copying urdf/delta_robot.urdf -> /home/long/delta_robot_prj/demo_repo2305/install/robot_description/share/robot_description/urdf
[0.869s] running install_egg_info
[0.870s] removing '/home/long/delta_robot_prj/demo_repo2305/install/robot_description/lib/python3.10/site-packages/robot_description-0.0.0-py3.10.egg-info' (and everything under it)
[0.870s] Copying ../../build/robot_description/robot_description.egg-info to /home/long/delta_robot_prj/demo_repo2305/install/robot_description/lib/python3.10/site-packages/robot_description-0.0.0-py3.10.egg-info
[0.871s] running install_scripts
[0.887s] writing list of installed files to '/home/long/delta_robot_prj/demo_repo2305/build/robot_description/install.log'
[0.919s] Invoked command in '/home/long/delta_robot_prj/demo_repo2305/src/robot_description' returned '0': PYTHONPATH=/home/long/delta_robot_prj/demo_repo2305/build/robot_description/prefix_override:/usr/lib/python3/dist-packages/colcon_core/task/python/colcon_distutils_commands:/home/long/delta_robot_prj/demo_repo2305/install/robot_description/lib/python3.10/site-packages:${PYTHONPATH} /usr/bin/python3 -W ignore:setup.py install is deprecated -W ignore:easy_install command is deprecated setup.py egg_info --egg-base ../../build/robot_description build --build-base /home/long/delta_robot_prj/demo_repo2305/build/robot_description/build install --record /home/long/delta_robot_prj/demo_repo2305/build/robot_description/install.log --single-version-externally-managed install_data
