running egg_info
creating ../../build/robot_description/robot_description.egg-info
writing ../../build/robot_description/robot_description.egg-info/PKG-INFO
writing dependency_links to ../../build/robot_description/robot_description.egg-info/dependency_links.txt
writing entry points to ../../build/robot_description/robot_description.egg-info/entry_points.txt
writing requirements to ../../build/robot_description/robot_description.egg-info/requires.txt
writing top-level names to ../../build/robot_description/robot_description.egg-info/top_level.txt
writing manifest file '../../build/robot_description/robot_description.egg-info/SOURCES.txt'
reading manifest file '../../build/robot_description/robot_description.egg-info/SOURCES.txt'
writing manifest file '../../build/robot_description/robot_description.egg-info/SOURCES.txt'
running build
running build_py
creating /home/long/delta_robot_prj/demo_repo2305/build/robot_description/build
creating /home/long/delta_robot_prj/demo_repo2305/build/robot_description/build/lib
creating /home/long/delta_robot_prj/demo_repo2305/build/robot_description/build/lib/robot_description
copying robot_description/__init__.py -> /home/long/delta_robot_prj/demo_repo2305/build/robot_description/build/lib/robot_description
running install
running install_lib
creating /home/long/delta_robot_prj/demo_repo2305/install/robot_description/lib/python3.10/site-packages/robot_description
copying /home/long/delta_robot_prj/demo_repo2305/build/robot_description/build/lib/robot_description/__init__.py -> /home/long/delta_robot_prj/demo_repo2305/install/robot_description/lib/python3.10/site-packages/robot_description
byte-compiling /home/long/delta_robot_prj/demo_repo2305/install/robot_description/lib/python3.10/site-packages/robot_description/__init__.py to __init__.cpython-310.pyc
running install_data
creating /home/long/delta_robot_prj/demo_repo2305/install/robot_description/share/ament_index
creating /home/long/delta_robot_prj/demo_repo2305/install/robot_description/share/ament_index/resource_index
creating /home/long/delta_robot_prj/demo_repo2305/install/robot_description/share/ament_index/resource_index/packages
copying resource/robot_description -> /home/long/delta_robot_prj/demo_repo2305/install/robot_description/share/ament_index/resource_index/packages
copying package.xml -> /home/long/delta_robot_prj/demo_repo2305/install/robot_description/share/robot_description
creating /home/long/delta_robot_prj/demo_repo2305/install/robot_description/share/robot_description/launch
copying launch/display_robot.launch.py -> /home/long/delta_robot_prj/demo_repo2305/install/robot_description/share/robot_description/launch
creating /home/long/delta_robot_prj/demo_repo2305/install/robot_description/share/robot_description/urdf
copying urdf/delta_robot.csv -> /home/long/delta_robot_prj/demo_repo2305/install/robot_description/share/robot_description/urdf
copying urdf/delta_robot.urdf -> /home/long/delta_robot_prj/demo_repo2305/install/robot_description/share/robot_description/urdf
creating /home/long/delta_robot_prj/demo_repo2305/install/robot_description/share/robot_description/meshes
copying meshes/base_link.STL -> /home/long/delta_robot_prj/demo_repo2305/install/robot_description/share/robot_description/meshes
copying meshes/lower_arm_link_1.STL -> /home/long/delta_robot_prj/demo_repo2305/install/robot_description/share/robot_description/meshes
copying meshes/upper_arm_link_2.STL -> /home/long/delta_robot_prj/demo_repo2305/install/robot_description/share/robot_description/meshes
copying meshes/upper_arm_link_3.STL -> /home/long/delta_robot_prj/demo_repo2305/install/robot_description/share/robot_description/meshes
copying meshes/lower_arm_link_3.STL -> /home/long/delta_robot_prj/demo_repo2305/install/robot_description/share/robot_description/meshes
copying meshes/end_effector.STL -> /home/long/delta_robot_prj/demo_repo2305/install/robot_description/share/robot_description/meshes
copying meshes/lower_arm_link_2.STL -> /home/long/delta_robot_prj/demo_repo2305/install/robot_description/share/robot_description/meshes
copying meshes/upper_arm_link_1.STL -> /home/long/delta_robot_prj/demo_repo2305/install/robot_description/share/robot_description/meshes
creating /home/long/delta_robot_prj/demo_repo2305/install/robot_description/share/robot_description/rviz
copying rviz/robot.rviz -> /home/long/delta_robot_prj/demo_repo2305/install/robot_description/share/robot_description/rviz
running install_egg_info
Copying ../../build/robot_description/robot_description.egg-info to /home/long/delta_robot_prj/demo_repo2305/install/robot_description/lib/python3.10/site-packages/robot_description-0.0.0-py3.10.egg-info
running install_scripts
writing list of installed files to '/home/long/delta_robot_prj/demo_repo2305/build/robot_description/install.log'
